2024-05-24 17:47:47,273 - association.py - line:196 - INFO - NR-NR切换：E:/p_py/互操作核查-UME/resource/excel/RANCM-自定义参数模板-wangpp-20240520114143.xlsx -64120
2024-05-24 17:47:47,273 - association.py - line:105 - INFO - E:/p_py/互操作核查-UME/resource/excel/RANCM-自定义参数模板-wangpp-20240520114143.xlsx-CoverMobilityInterFMeasCfg -64120
2024-05-24 17:47:50,300 - association.py - line:105 - INFO - E:/p_py/互操作核查-UME/resource/excel/RANCM-自定义参数模板-wangpp-20240520114143.xlsx-InterFMeasObject -64120
2024-05-24 17:47:52,934 - association.py - line:105 - INFO - E:/p_py/互操作核查-UME/resource/excel/RANCM-自定义参数模板-wangpp-20240520114143.xlsx-NRFreqRelation -64120
2024-05-24 17:47:55,505 - association.py - line:105 - INFO - E:/p_py/互操作核查-UME/resource/excel/RANCM-自定义参数模板-wangpp-20240520114143.xlsx-NRFreq -64120
2024-05-24 17:47:58,273 - association.py - line:105 - INFO - E:/p_py/互操作核查-UME/resource/excel/RANCM-自定义参数模板-wangpp-20240520114143.xlsx-NRInterFCovHo -64120
2024-05-24 17:48:01,070 - association.py - line:34 - INFO - 小区信息整理 -64120
2024-05-24 17:48:11,745 - association.py - line:196 - INFO - NR-NR切换：E:/p_py/互操作核查-UME/resource/excel/RANCM-自定义参数模板-huangmanman-20240520163116.xlsx -64120
2024-05-24 17:48:11,745 - association.py - line:105 - INFO - E:/p_py/互操作核查-UME/resource/excel/RANCM-自定义参数模板-huangmanman-20240520163116.xlsx-CoverMobilityInterFMeasCfg -64120
2024-05-24 17:48:14,349 - association.py - line:105 - INFO - E:/p_py/互操作核查-UME/resource/excel/RANCM-自定义参数模板-huangmanman-20240520163116.xlsx-InterFMeasObject -64120
2024-05-24 17:48:17,106 - association.py - line:105 - INFO - E:/p_py/互操作核查-UME/resource/excel/RANCM-自定义参数模板-huangmanman-20240520163116.xlsx-NRFreqRelation -64120
2024-05-24 17:48:19,922 - association.py - line:105 - INFO - E:/p_py/互操作核查-UME/resource/excel/RANCM-自定义参数模板-huangmanman-20240520163116.xlsx-NRFreq -64120
2024-05-24 17:48:22,699 - association.py - line:105 - INFO - E:/p_py/互操作核查-UME/resource/excel/RANCM-自定义参数模板-huangmanman-20240520163116.xlsx-NRInterFCovHo -64120
2024-05-24 17:48:25,358 - association.py - line:34 - INFO - 小区信息整理 -64120
2024-05-24 17:48:36,431 - association.py - line:242 - INFO - NR-NR切换完成 -64120
2024-05-24 17:48:36,431 - association.py - line:260 - INFO - NR-NR重选E:/p_py/互操作核查-UME/resource/excel/RANCM-自定义参数模板-wangpp-20240520114143.xlsx -64120
2024-05-24 17:48:36,431 - association.py - line:105 - INFO - E:/p_py/互操作核查-UME/resource/excel/RANCM-自定义参数模板-wangpp-20240520114143.xlsx-InterFReselection -64120
2024-05-24 17:48:39,186 - association.py - line:105 - INFO - E:/p_py/互操作核查-UME/resource/excel/RANCM-自定义参数模板-wangpp-20240520114143.xlsx-NRFreqRelation -64120
2024-05-24 17:48:42,030 - association.py - line:105 - INFO - E:/p_py/互操作核查-UME/resource/excel/RANCM-自定义参数模板-wangpp-20240520114143.xlsx-NRFreq -64120
2024-05-24 17:48:44,843 - association.py - line:34 - INFO - 小区信息整理 -64120
2024-05-24 17:48:54,317 - association.py - line:260 - INFO - NR-NR重选E:/p_py/互操作核查-UME/resource/excel/RANCM-自定义参数模板-huangmanman-20240520163116.xlsx -64120
2024-05-24 17:48:54,318 - association.py - line:105 - INFO - E:/p_py/互操作核查-UME/resource/excel/RANCM-自定义参数模板-huangmanman-20240520163116.xlsx-InterFReselection -64120
2024-05-24 17:48:57,020 - association.py - line:105 - INFO - E:/p_py/互操作核查-UME/resource/excel/RANCM-自定义参数模板-huangmanman-20240520163116.xlsx-NRFreqRelation -64120
2024-05-24 17:48:59,655 - association.py - line:105 - INFO - E:/p_py/互操作核查-UME/resource/excel/RANCM-自定义参数模板-huangmanman-20240520163116.xlsx-NRFreq -64120
2024-05-24 17:49:02,397 - association.py - line:34 - INFO - 小区信息整理 -64120
2024-05-24 17:49:12,484 - association.py - line:282 - INFO - NR-NR重选完成 -64120
2024-05-24 17:49:12,485 - association.py - line:143 - INFO - NR-LTE切换：E:/p_py/互操作核查-UME/resource/excel/RANCM-自定义参数模板-wangpp-20240520114143.xlsx -64120
2024-05-24 17:49:12,485 - association.py - line:105 - INFO - E:/p_py/互操作核查-UME/resource/excel/RANCM-自定义参数模板-wangpp-20240520114143.xlsx-CoverMobilityLTEFreqMeasCfg -64120
2024-05-24 17:49:15,496 - association.py - line:105 - INFO - E:/p_py/互操作核查-UME/resource/excel/RANCM-自定义参数模板-wangpp-20240520114143.xlsx-MeasObjEUTRA -64120
2024-05-24 17:49:18,389 - association.py - line:105 - INFO - E:/p_py/互操作核查-UME/resource/excel/RANCM-自定义参数模板-wangpp-20240520114143.xlsx-EutranFreqRelation -64120
2024-05-24 17:49:21,328 - association.py - line:105 - INFO - E:/p_py/互操作核查-UME/resource/excel/RANCM-自定义参数模板-wangpp-20240520114143.xlsx-EutranFreq -64120
2024-05-24 17:49:24,088 - association.py - line:105 - INFO - E:/p_py/互操作核查-UME/resource/excel/RANCM-自定义参数模板-wangpp-20240520114143.xlsx-LTEFreqCovHo -64120
2024-05-24 17:49:26,873 - association.py - line:34 - INFO - 小区信息整理 -64120
2024-05-24 17:49:38,268 - association.py - line:143 - INFO - NR-LTE切换：E:/p_py/互操作核查-UME/resource/excel/RANCM-自定义参数模板-huangmanman-20240520163116.xlsx -64120
2024-05-24 17:49:38,268 - association.py - line:105 - INFO - E:/p_py/互操作核查-UME/resource/excel/RANCM-自定义参数模板-huangmanman-20240520163116.xlsx-CoverMobilityLTEFreqMeasCfg -64120
2024-05-24 17:49:40,923 - association.py - line:105 - INFO - E:/p_py/互操作核查-UME/resource/excel/RANCM-自定义参数模板-huangmanman-20240520163116.xlsx-MeasObjEUTRA -64120
2024-05-24 17:49:43,577 - association.py - line:105 - INFO - E:/p_py/互操作核查-UME/resource/excel/RANCM-自定义参数模板-huangmanman-20240520163116.xlsx-EutranFreqRelation -64120
2024-05-24 17:49:46,272 - association.py - line:105 - INFO - E:/p_py/互操作核查-UME/resource/excel/RANCM-自定义参数模板-huangmanman-20240520163116.xlsx-EutranFreq -64120
2024-05-24 17:49:48,911 - association.py - line:105 - INFO - E:/p_py/互操作核查-UME/resource/excel/RANCM-自定义参数模板-huangmanman-20240520163116.xlsx-LTEFreqCovHo -64120
2024-05-24 17:49:51,537 - association.py - line:34 - INFO - 小区信息整理 -64120
2024-05-24 17:50:03,011 - association.py - line:184 - INFO - NR-LTE切换完成 -64120
2024-05-24 17:50:03,012 - association.py - line:293 - INFO - NR-LTE重选：E:/p_py/互操作核查-UME/resource/excel/RANCM-自定义参数模板-wangpp-20240520114143.xlsx -64120
2024-05-24 17:50:03,012 - association.py - line:105 - INFO - E:/p_py/互操作核查-UME/resource/excel/RANCM-自定义参数模板-wangpp-20240520114143.xlsx-EUTRAReselection -64120
2024-05-24 17:50:05,802 - association.py - line:105 - INFO - E:/p_py/互操作核查-UME/resource/excel/RANCM-自定义参数模板-wangpp-20240520114143.xlsx-EutranFreqRelation -64120
2024-05-24 17:50:08,471 - association.py - line:105 - INFO - E:/p_py/互操作核查-UME/resource/excel/RANCM-自定义参数模板-wangpp-20240520114143.xlsx-EutranFreq -64120
2024-05-24 17:50:11,121 - association.py - line:34 - INFO - 小区信息整理 -64120
2024-05-24 17:50:20,522 - association.py - line:293 - INFO - NR-LTE重选：E:/p_py/互操作核查-UME/resource/excel/RANCM-自定义参数模板-huangmanman-20240520163116.xlsx -64120
2024-05-24 17:50:20,522 - association.py - line:105 - INFO - E:/p_py/互操作核查-UME/resource/excel/RANCM-自定义参数模板-huangmanman-20240520163116.xlsx-EUTRAReselection -64120
2024-05-24 17:50:23,146 - association.py - line:105 - INFO - E:/p_py/互操作核查-UME/resource/excel/RANCM-自定义参数模板-huangmanman-20240520163116.xlsx-EutranFreqRelation -64120
2024-05-24 17:50:25,800 - association.py - line:105 - INFO - E:/p_py/互操作核查-UME/resource/excel/RANCM-自定义参数模板-huangmanman-20240520163116.xlsx-EutranFreq -64120
2024-05-24 17:50:28,432 - association.py - line:34 - INFO - 小区信息整理 -64120
2024-05-24 17:50:37,875 - association.py - line:318 - INFO - NR-LTE重选完成 -64120
2024-05-24 17:56:59,516 - association.py - line:143 - INFO - NR-LTE切换：E:/p_py/互操作核查-UME/resource/excel/RANCM-自定义参数模板-wangpp-20240520114143.xlsx -50484
2024-05-24 17:56:59,516 - association.py - line:105 - INFO - E:/p_py/互操作核查-UME/resource/excel/RANCM-自定义参数模板-wangpp-20240520114143.xlsx-CoverMobilityLTEFreqMeasCfg -50484
2024-05-24 17:57:02,677 - association.py - line:105 - INFO - E:/p_py/互操作核查-UME/resource/excel/RANCM-自定义参数模板-wangpp-20240520114143.xlsx-MeasObjEUTRA -50484
2024-05-24 17:57:05,292 - association.py - line:105 - INFO - E:/p_py/互操作核查-UME/resource/excel/RANCM-自定义参数模板-wangpp-20240520114143.xlsx-EutranFreqRelation -50484
2024-05-24 17:57:07,898 - association.py - line:105 - INFO - E:/p_py/互操作核查-UME/resource/excel/RANCM-自定义参数模板-wangpp-20240520114143.xlsx-EutranFreq -50484
2024-05-24 17:57:10,482 - association.py - line:105 - INFO - E:/p_py/互操作核查-UME/resource/excel/RANCM-自定义参数模板-wangpp-20240520114143.xlsx-LTEFreqCovHo -50484
2024-05-24 17:57:13,294 - association.py - line:34 - INFO - 小区信息整理 -50484
2024-05-24 17:57:24,241 - association.py - line:143 - INFO - NR-LTE切换：E:/p_py/互操作核查-UME/resource/excel/RANCM-自定义参数模板-huangmanman-20240520163116.xlsx -50484
2024-05-24 17:57:24,241 - association.py - line:105 - INFO - E:/p_py/互操作核查-UME/resource/excel/RANCM-自定义参数模板-huangmanman-20240520163116.xlsx-CoverMobilityLTEFreqMeasCfg -50484
2024-05-24 17:57:26,921 - association.py - line:105 - INFO - E:/p_py/互操作核查-UME/resource/excel/RANCM-自定义参数模板-huangmanman-20240520163116.xlsx-MeasObjEUTRA -50484
2024-05-24 17:57:29,450 - association.py - line:105 - INFO - E:/p_py/互操作核查-UME/resource/excel/RANCM-自定义参数模板-huangmanman-20240520163116.xlsx-EutranFreqRelation -50484
2024-05-24 17:57:32,011 - association.py - line:105 - INFO - E:/p_py/互操作核查-UME/resource/excel/RANCM-自定义参数模板-huangmanman-20240520163116.xlsx-EutranFreq -50484
2024-05-24 17:57:34,525 - association.py - line:105 - INFO - E:/p_py/互操作核查-UME/resource/excel/RANCM-自定义参数模板-huangmanman-20240520163116.xlsx-LTEFreqCovHo -50484
2024-05-24 17:57:37,111 - association.py - line:34 - INFO - 小区信息整理 -50484
2024-05-24 17:57:47,926 - association.py - line:184 - INFO - NR-LTE切换完成 -50484
2024-05-24 17:57:47,927 - association.py - line:293 - INFO - NR-LTE重选：E:/p_py/互操作核查-UME/resource/excel/RANCM-自定义参数模板-wangpp-20240520114143.xlsx -50484
2024-05-24 17:57:47,927 - association.py - line:105 - INFO - E:/p_py/互操作核查-UME/resource/excel/RANCM-自定义参数模板-wangpp-20240520114143.xlsx-EUTRAReselection -50484
2024-05-24 17:57:50,635 - association.py - line:105 - INFO - E:/p_py/互操作核查-UME/resource/excel/RANCM-自定义参数模板-wangpp-20240520114143.xlsx-EutranFreqRelation -50484
2024-05-24 17:57:53,288 - association.py - line:105 - INFO - E:/p_py/互操作核查-UME/resource/excel/RANCM-自定义参数模板-wangpp-20240520114143.xlsx-EutranFreq -50484
2024-05-24 17:57:55,919 - association.py - line:34 - INFO - 小区信息整理 -50484
2024-05-24 17:58:05,304 - association.py - line:293 - INFO - NR-LTE重选：E:/p_py/互操作核查-UME/resource/excel/RANCM-自定义参数模板-huangmanman-20240520163116.xlsx -50484
2024-05-24 17:58:05,304 - association.py - line:105 - INFO - E:/p_py/互操作核查-UME/resource/excel/RANCM-自定义参数模板-huangmanman-20240520163116.xlsx-EUTRAReselection -50484
2024-05-24 17:58:07,917 - association.py - line:105 - INFO - E:/p_py/互操作核查-UME/resource/excel/RANCM-自定义参数模板-huangmanman-20240520163116.xlsx-EutranFreqRelation -50484
2024-05-24 17:58:10,542 - association.py - line:105 - INFO - E:/p_py/互操作核查-UME/resource/excel/RANCM-自定义参数模板-huangmanman-20240520163116.xlsx-EutranFreq -50484
2024-05-24 17:58:13,159 - association.py - line:34 - INFO - 小区信息整理 -50484
2024-05-24 17:58:22,968 - association.py - line:318 - INFO - NR-LTE重选完成 -50484
